Engine-Match woensdag 17 april 2013 10:33:36
 Tournament Game in 5 Minutes 

Pairing 1/1 :    Daan  -  Mediocre

PGN-File: C:\Program Files (x86)\Arena\Arena.pgn

No:  B/W 1/2     W:B       1:2           Time        Value Moves Dep 1:2       1-2-Draws

--------------------------------------------------------------

Engine-Match woensdag 17 april 2013 10:36:14
 Tournament Game in 5 Minutes 

Pairing 1/1 :    Daan  -  Mediocre

PGN-File: C:\Program Files (x86)\Arena\Arena.pgn

No:  B/W 1/2     W:B       1:2           Time        Value Moves Dep 1:2       1-2-Draws

--------------------------------------------------------------

Engine-Match woensdag 17 april 2013 10:36:45
 Tournament Game in 5 Minutes 

Pairing 1/1 :    Daan  -  Mediocre

PGN-File: C:\Program Files (x86)\Arena\Arena.pgn

No:  B/W 1/2     W:B       1:2           Time        Value Moves Dep 1:2       1-2-Draws

--------------------------------------------------------------

Engine-Match donderdag 18 april 2013 13:01:05
 Tournament Game in 5 Minutes 

Pairing 1/1 :    Daan  -  Mediocre

PGN-File: C:\Program Files (x86)\Arena\Arena.pgn

No:  B/W 1/2     W:B       1:2           Time        Value Moves Dep 1:2       1-2-Draws

--------------------------------------------------------------

Engine-Match dinsdag 23 april 2013 11:42:08
 Tournament Game in 5 Minutes 

Pairing 1/1 :    Daan  -  Mediocre

PGN-File: C:\Program Files (x86)\Arena\Arena.pgn

No:  B/W 1/2     W:B       1:2           Time        Value Moves Dep 1:2       1-2-Draws
